<?xml version="1.0" encoding="UTF-8"?>
<!-- Generated by org.testng.reporters.JUnitXMLReporter -->
<testsuite hostname="LAPTOP-DKASHJM8" ignored="0" name="Test" tests="4" failures="0" timestamp="2021-12-27T01:29:53 WAT" time="58.548" errors="0">
  <testcase name="OpenApplication" time="43.508" classname="Test.GeneralTest"/>
  <testcase name="AcceptCookies" time="2.68" classname="Test.GeneralTest"/>
  <testcase name="login" time="3.826" classname="Test.GeneralTest"/>
  <testcase name="ProfilInformations" time="0.97" classname="Test.GeneralTest"/>
</testsuite> <!-- Test -->
