<?xml version="1.0" encoding="UTF-8"?>
<testsuite xmlns:xsi="http://www.w3.org/2001/XMLSchema-instance" xsi:noNamespaceSchemaLocation="https://maven.apache.org/surefire/maven-surefire-plugin/xsd/surefire-test-report-3.0.xsd" version="3.0" name="TestSuite" time="59.608" tests="4" errors="0" skipped="0" failures="0">
  <properties>
[...]
</properties>
  <testcase name="OpenApplication" classname="Test.GeneralTest" time="43.48">
    <system-out><![CDATA[[INFO ] 2021-12-27 01:29:00.911 [main] GeneralTest - Browser started
[INFO ] 2021-12-27 01:29:44.442 [main] GeneralTest - Application opened
]]></system-out>
    <system-err><![CDATA[SLF4J: Failed to load class "org.slf4j.impl.StaticLoggerBinder".
SLF4J: Defaulting to no-operation (NOP) logger implementation
SLF4J: See http://www.slf4j.org/codes.html#StaticLoggerBinder for further details.
1640564936901	geckodriver	INFO	Listening on 127.0.0.1:52622
1640564938073	mozrunner::runner	INFO	Running command: "C:\\Program Files\\Mozilla Firefox\\firefox.exe" "--marionette" "--remote-debugging-port" "52352" "-no-remote" "-profile" "C:\\Users\\hanen\\AppData\\Local\\Temp\\rust_mozprofiledzrwGq"
1640564938383	Marionette	INFO	Marionette enabled
console.warn: SearchSettings: "get: No settings file exists, new profile?" (new NotFoundError("Could not open the file at C:\\Users\\hanen\\AppData\\Local\\Temp\\rust_mozprofiledzrwGq\\search.json.mozlz4", (void 0)))
DevTools listening on ws://localhost:52352/devtools/browser/e7c8045f-7e28-44ec-b9c5-0f303400494d
1640564940544	Marionette	INFO	Listening on port 51912
1640564940757	RemoteAgent	WARN	TLS certificate errors will be ignored for this session
déc. 27, 2021 1:29:00 AM org.openqa.selenium.remote.ProtocolHandshake createSession
INFOS: Detected dialect: W3C
JavaScript warning: https://js.datadome.co/tags.js, line 2: WEBGL_debug_renderer_info is deprecated in Firefox and will be removed. Please use RENDERER.
]]></system-err>
  </testcase>
  <testcase name="AcceptCookies" classname="Test.GeneralTest" time="2.684">
    <system-out><![CDATA[[INFO ] 2021-12-27 01:29:47.126 [main] GeneralTest - Cookies Accepted
]]></system-out>
    <system-err><![CDATA[JavaScript warning: https://js.datadome.co/tags.js, line 2: WEBGL_debug_renderer_info is deprecated in Firefox and will be removed. Please use RENDERER.
]]></system-err>
  </testcase>
  <testcase name="login[testacial@yopmail.com, Bonjour@2021](1)" classname="Test.GeneralTest" time="3.827">
    <system-out><![CDATA[[INFO ] 2021-12-27 01:29:51.608 [main] GeneralTest - Success Login
]]></system-out>
  </testcase>
  <testcase name="ProfilInformations[testacial@yopmail.com, Acial, Test, 53428262](1)" classname="Test.GeneralTest" time="0.971">
    <system-out><![CDATA[[INFO ] 2021-12-27 01:29:52.618 [main] GeneralTest - Profil Informations verified
]]></system-out>
  </testcase>
</testsuite>